# JRE version: OpenJDK Runtime Environment Temurin-21.0.7+6 (21.0.7+6) (build 21.0.7+6-LTS)
# Java VM: OpenJDK 64-Bit Server VM Temurin-21.0.7+6 (21.0.7+6-LTS, mixed mode, sharing, tiered, compressed oops, compressed class ptrs, g1 gc, linux-amd64)
GC Precious Log:
 CardTable entry size: 512
 Card Set container configuration: InlinePtr #cards 4 size 8 Array Of Cards #cards 32 size 80 Howl #buckets 8 coarsen threshold 7372 Howl Bitmap #cards 1024 size 144 coarsen threshold 921 Card regions per heap region 1 cards per card region 8192
 CPUs: 12 total, 12 available
 Memory: 31766M
 Large Page Support: Disabled
 NUMA Support: Disabled
 Compressed Oops: Enabled (Zero based)
 Heap Region Size: 4M
 Heap Min Capacity: 8M
 Heap Initial Capacity: 500M
 Heap Max Capacity: 7944M
 Pre-touch: Disabled
 Parallel Workers: 10
 Concurrent Workers: 3
 Concurrent Refinement Workers: 10
 Periodic GC: Disabled
Heap:
 garbage-first heap   total 303104K, used 143844K [0x000000060f800000, 0x0000000800000000)
  region size 4096K, 11 young (45056K), 1 survivors (4096K)
 Metaspace       used 124588K, committed 125632K, reserved 1179648K
  class space    used 16596K, committed 17088K, reserved 1048576K
GC Heap History (20 events):
Event: 186.783 GC heap after
{Heap after GC invocations=47 (full 1):
 garbage-first heap   total 245760K, used 85424K [0x000000060f800000, 0x0000000800000000)
  region size 4096K, 3 young (12288K), 3 survivors (12288K)
 Metaspace       used 124472K, committed 125568K, reserved 1179648K
  class space    used 16585K, committed 17088K, reserved 1048576K
}
Event: 187.541 GC heap before
{Heap before GC invocations=47 (full 1):
 garbage-first heap   total 245760K, used 228784K [0x000000060f800000, 0x0000000800000000)
  region size 4096K, 33 young (135168K), 3 survivors (12288K)
 Metaspace       used 124472K, committed 125568K, reserved 1179648K
  class space    used 16585K, committed 17088K, reserved 1048576K
}
Event: 187.548 GC heap after
{Heap after GC invocations=48 (full 1):
 garbage-first heap   total 249856K, used 92215K [0x000000060f800000, 0x0000000800000000)
  region size 4096K, 2 young (8192K), 2 survivors (8192K)
 Metaspace       used 124472K, committed 125568K, reserved 1179648K
  class space    used 16585K, committed 17088K, reserved 1048576K
}
Event: 188.235 GC heap before
{Heap before GC invocations=48 (full 1):
 garbage-first heap   total 249856K, used 219191K [0x000000060f800000, 0x0000000800000000)
  region size 4096K, 33 young (135168K), 2 survivors (8192K)
 Metaspace       used 124472K, committed 125568K, reserved 1179648K
  class space    used 16585K, committed 17088K, reserved 1048576K
}
Event: 188.244 GC heap after
{Heap after GC invocations=49 (full 1):
 garbage-first heap   total 303104K, used 95637K [0x000000060f800000, 0x0000000800000000)
  region size 4096K, 3 young (12288K), 3 survivors (12288K)
 Metaspace       used 124472K, committed 125568K, reserved 1179648K
  class space    used 16585K, committed 17088K, reserved 1048576K
}
Event: 189.030 GC heap before
{Heap before GC invocations=50 (full 1):
 garbage-first heap   total 303104K, used 263573K [0x000000060f800000, 0x0000000800000000)
  region size 4096K, 44 young (180224K), 3 survivors (12288K)
 Metaspace       used 124473K, committed 125568K, reserved 1179648K
  class space    used 16585K, committed 17088K, reserved 1048576K
}
Event: 189.036 GC heap after
{Heap after GC invocations=51 (full 1):
 garbage-first heap   total 303104K, used 95871K [0x000000060f800000, 0x0000000800000000)
  region size 4096K, 3 young (12288K), 3 survivors (12288K)
 Metaspace       used 124473K, committed 125568K, reserved 1179648K
  class space    used 16585K, committed 17088K, reserved 1048576K
}
Event: 189.637 GC heap before
{Heap before GC invocations=51 (full 1):
 garbage-first heap   total 303104K, used 263807K [0x000000060f800000, 0x0000000800000000)
  region size 4096K, 44 young (180224K), 3 survivors (12288K)
 Metaspace       used 124474K, committed 125568K, reserved 1179648K
  class space    used 16585K, committed 17088K, reserved 1048576K
}
Event: 189.645 GC heap after
{Heap after GC invocations=52 (full 1):
 garbage-first heap   total 303104K, used 97871K [0x000000060f800000, 0x0000000800000000)
  region size 4096K, 4 young (16384K), 4 survivors (16384K)
 Metaspace       used 124474K, committed 125568K, reserved 1179648K
  class space    used 16585K, committed 17088K, reserved 1048576K
}
Event: 190.167 GC heap before
{Heap before GC invocations=52 (full 1):
 garbage-first heap   total 303104K, used 257615K [0x000000060f800000, 0x0000000800000000)
  region size 4096K, 43 young (176128K), 4 survivors (16384K)
 Metaspace       used 124475K, committed 125568K, reserved 1179648K
  class space    used 16585K, committed 17088K, reserved 1048576K
}
Event: 190.172 GC heap after
{Heap after GC invocations=53 (full 1):
 garbage-first heap   total 303104K, used 92300K [0x000000060f800000, 0x0000000800000000)
  region size 4096K, 2 young (8192K), 2 survivors (8192K)
 Metaspace       used 124475K, committed 125568K, reserved 1179648K
  class space    used 16585K, committed 17088K, reserved 1048576K
}
Event: 190.799 GC heap before
{Heap before GC invocations=53 (full 1):
 garbage-first heap   total 303104K, used 264332K [0x000000060f800000, 0x0000000800000000)
  region size 4096K, 44 young (180224K), 2 survivors (8192K)
 Metaspace       used 124481K, committed 125568K, reserved 1179648K
  class space    used 16585K, committed 17088K, reserved 1048576K
}
Event: 190.815 GC heap after
{Heap after GC invocations=54 (full 1):
 garbage-first heap   total 303104K, used 117361K [0x000000060f800000, 0x0000000800000000)
  region size 4096K, 6 young (24576K), 6 survivors (24576K)
 Metaspace       used 124481K, committed 125568K, reserved 1179648K
  class space    used 16585K, committed 17088K, reserved 1048576K
}
Event: 191.279 GC heap before
{Heap before GC invocations=54 (full 1):
 garbage-first heap   total 303104K, used 252529K [0x000000060f800000, 0x0000000800000000)
  region size 4096K, 39 young (159744K), 6 survivors (24576K)
 Metaspace       used 124482K, committed 125568K, reserved 1179648K
  class space    used 16585K, committed 17088K, reserved 1048576K
}
Event: 191.284 GC heap after
{Heap after GC invocations=55 (full 1):
 garbage-first heap   total 303104K, used 102962K [0x000000060f800000, 0x0000000800000000)
  region size 4096K, 1 young (4096K), 1 survivors (4096K)
 Metaspace       used 124482K, committed 125568K, reserved 1179648K
  class space    used 16585K, committed 17088K, reserved 1048576K
}
Event: 191.844 GC heap before
{Heap before GC invocations=55 (full 1):
 garbage-first heap   total 303104K, used 262706K [0x000000060f800000, 0x0000000800000000)
  region size 4096K, 40 young (163840K), 1 survivors (4096K)
 Metaspace       used 124482K, committed 125568K, reserved 1179648K
  class space    used 16585K, committed 17088K, reserved 1048576K
}
Event: 191.848 GC heap after
{Heap after GC invocations=56 (full 1):
 garbage-first heap   total 303104K, used 103845K [0x000000060f800000, 0x0000000800000000)
  region size 4096K, 1 young (4096K), 1 survivors (4096K)
 Metaspace       used 124482K, committed 125568K, reserved 1179648K
  class space    used 16585K, committed 17088K, reserved 1048576K
}
Event: 192.462 GC heap before
{Heap before GC invocations=56 (full 1):
 garbage-first heap   total 303104K, used 267685K [0x000000060f800000, 0x0000000800000000)
  region size 4096K, 41 young (167936K), 1 survivors (4096K)
 Metaspace       used 124482K, committed 125568K, reserved 1179648K
  class space    used 16585K, committed 17088K, reserved 1048576K
}
Event: 192.464 GC heap after
{Heap after GC invocations=57 (full 1):
 garbage-first heap   total 303104K, used 102884K [0x000000060f800000, 0x0000000800000000)
  region size 4096K, 1 young (4096K), 1 survivors (4096K)
 Metaspace       used 124482K, committed 125568K, reserved 1179648K
  class space    used 16585K, committed 17088K, reserved 1048576K
}
Event: 243.119 GC heap before
{Heap before GC invocations=57 (full 1):
 garbage-first heap   total 303104K, used 139748K [0x000000060f800000, 0x0000000800000000)
  region size 4096K, 11 young (45056K), 1 survivors (4096K)
 Metaspace       used 124588K, committed 125632K, reserved 1179648K
  class space    used 16596K, committed 17088K, reserved 1048576K
}

