‚úÖ Java 21 environment configured (OpenJDK)
openjdk version "21.0.9" 2025-10-21
üöÄ Derbent Playwright UI Test Suite
====================================
üß™ Running Menu Navigation Test...
==================================
This test will:
  1. Login to the application
  2. Browse all menu items
  3. Capture screenshots for each menu item
  4. Complete in under 1 minute
üîÑ Installing Playwright browsers...
‚ö†Ô∏è Browser installation completed

üéØ Test Configuration:
   Browser mode: VISIBLE
   Console output: ENABLED
   Screenshots: ENABLED
   Slowdown: 0ms
   Viewport: 1920x1080

[[1;34mINFO[m] Scanning for projects...
[[1;34mINFO[m] 
[[1;34mINFO[m] [1m------------------------< [0;36mtech.derbent:derbent[0;1m >------------------------[m
[[1;34mINFO[m] [1mBuilding Derbent 1.0-SNAPSHOT[m
[[1;34mINFO[m] [1m--------------------------------[ jar ]---------------------------------[m
[[1;34mINFO[m] 
[[1;34mINFO[m] [1m--- [0;32mmaven-resources-plugin:3.3.1:resources[m [1m(default-resources)[m @ [36mderbent[0;1m ---[m
[[1;34mINFO[m] Copying 4 resources from src/main/resources to target/classes
[[1;34mINFO[m] Copying 4 resources from src/main/resources to target/classes
[[1;34mINFO[m] 
[[1;34mINFO[m] [1m--- [0;32mmaven-compiler-plugin:3.14.0:compile[m [1m(default-compile)[m @ [36mderbent[0;1m ---[m
[[1;34mINFO[m] Nothing to compile - all classes are up to date.
[[1;34mINFO[m] 
[[1;34mINFO[m] [1m--- [0;32mmaven-resources-plugin:3.3.1:testResources[m [1m(default-testResources)[m @ [36mderbent[0;1m ---[m
[[1;34mINFO[m] Copying 3 resources from src/test/resources to target/test-classes
[[1;34mINFO[m] 
[[1;34mINFO[m] [1m--- [0;32mmaven-compiler-plugin:3.14.0:testCompile[m [1m(default-testCompile)[m @ [36mderbent[0;1m ---[m
[[1;34mINFO[m] Nothing to compile - all classes are up to date.
[[1;34mINFO[m] 
[[1;34mINFO[m] [1m--- [0;32mmaven-surefire-plugin:3.5.3:test[m [1m(default-test)[m @ [36mderbent[0;1m ---[m
[[1;34mINFO[m] Using auto detected provider org.apache.maven.surefire.junitplatform.JUnitPlatformProvider
[[1;34mINFO[m] 
[[1;34mINFO[m] -------------------------------------------------------
[[1;34mINFO[m]  T E S T S
[[1;34mINFO[m] -------------------------------------------------------
[[1;34mINFO[m] Running automated_tests.tech.derbent.ui.automation.[1mCMenuNavigationTest[m
11:56:49.985 [main] INFO org.springframework.boot.devtools.restart.RestartApplicationListener -- Restart disabled due to System property 'spring.devtools.restart.enabled' being set to false
[35m11:56:52.4[0;39m [33mWARN [0;39m ([36mPostProcessorRegistrationDelegate.java:437[0;39m) [31mBean 'CLayoutService' of type [tech.derbent.base.session.service.CLayoutService] is not eligible for getting processed by all BeanPostProcessors (for example: not eligible for auto-proxying). Is this bean getting eagerly injected/applied to a currently created BeanPostProcessor [layoutServiceInjector]? Check the corresponding BeanPostProcessor declaration and its dependencies/advisors. If this bean does not have to be post-processed, declare it with ROLE_INFRASTRUCTURE.[0;39m [36mtrationDelegate$BeanPostProcessorChecker[0;39m
[35m11:56:57.4[0;39m [32mINFO [0;39m ([36mVaadinConfig.java:21[0;39m) [31mConfiguring Atmosphere system properties to prevent WebSocket initialization issues...[0;39m [36mtech.derbent.api.config.VaadinConfig    [0;39m
[35m11:56:59.9[0;39m [32mINFO [0;39m ([36mCPageMenuIntegrationService.java:30[0;39m) [31mCPageMenuIntegrationService initialized[0;39m [36mt.d.a.p.s.CPageMenuIntegrationService   [0;39m
[35m11:57:00.6[0;39m [32mINFO [0;39m ([36mUserServiceConfiguration.java:26[0;39m) [31mUserServiceConfiguration: Successfully configured CUserService with CSessionService[0;39m [36mt.d.b.u.config.UserServiceConfiguration [0;39m
[35m11:57:00.7[0;39m [33mWARN [0;39m ([36mInitializeUserDetailsBeanManagerConfigurer.java:87[0;39m) [31mFound 2 UserDetailsService beans, with names [CUserService, userDetailsService]. Global Authentication Manager will not use a UserDetailsService for username/password login. Consider publishing a single UserDetailsService bean.[0;39m [36mr$InitializeUserDetailsManagerConfigurer[0;39m
[35m11:57:01.0[0;39m [33mWARN [0;39m ([36mJpaBaseConfiguration.java:258[0;39m) [31mspring.jpa.open-in-view is enabled by default. Therefore, database queries may be performed during view rendering. Explicitly configure spring.jpa.open-in-view to disable this warning[0;39m [36mJpaBaseConfiguration$JpaWebConfiguration[0;39m
[35m11:57:06.1[0;39m [32mINFO [0;39m ([36mCEntityRegistryInitializer.java:36[0;39m) [31mInitializing entity registry...[0;39m [36mt.d.a.r.CEntityRegistryInitializer      [0;39m
[35m11:57:06.1[0;39m [32mINFO [0;39m ([36mCEntityRegistry.java:52[0;39m) [31mEntity registry cleared[0;39m [36mt.derbent.api.registry.CEntityRegistry  [0;39m
[35m11:57:06.1[0;39m [32mINFO [0;39m ([36mCEntityRegistryInitializer.java:23[0;39m) [31mFound 60 IEntityRegistrable beans to register[0;39m [36mt.d.a.r.CEntityRegistryInitializer      [0;39m
[35m11:57:06.1[0;39m [32mINFO [0;39m ([36mCEntityRegistryInitializer.java:40[0;39m) [31mEntity registry initialized successfully with 59 entities[0;39m [36mt.d.a.r.CEntityRegistryInitializer      [0;39m
Skipping browsers download because `PLAYWRIGHT_SKIP_BROWSER_DOWNLOAD` env variable is set
[35m11:57:11.9[0;39m [33mWARN [0;39m ([36mCBaseUITest.java:536[0;39m) [31m‚ö†Ô∏è Confirmation dialog not detected after 5 attempts (2.5 seconds)[0;39m [36ma.t.derbent.ui.automation.CBaseUITest   [0;39m
[35m11:57:14.4[0;39m [33mWARN [0;39m ([36mCBaseUITest.java:557[0;39m) [31m‚ö†Ô∏è Information dialog did not present an OK button to dismiss after 5 attempts (2.5 seconds)[0;39m [36ma.t.derbent.ui.automation.CBaseUITest   [0;39m
[35m11:57:15.3[0;39m [33mWARN [0;39m ([36mCBaseUITest.java:401[0;39m) [31m‚ö†Ô∏è No company options found in ComboBox[0;39m [36ma.t.derbent.ui.automation.CBaseUITest   [0;39m
[35m11:57:15.5[0;39m [31mERROR[0;39m ([36mCCustomLoginView.java:112[0;39m) [31mLogin error.[0;39m [36mt.d.base.login.view.CCustomLoginView    [0;39m
[35m11:57:30.9[0;39m [33mWARN [0;39m ([36mCBaseUITest.java:1364[0;39m) [31m‚ö†Ô∏è Post-login application shell not detected: Error {
  message='Timeout 15000ms exceeded.
  name='TimeoutError
  stack='TimeoutError: Timeout 15000ms exceeded.
    at ProgressController.run (/tmp/playwright-java-729341676929097768/package/lib/server/progress.js:87:26)
    at Frame.waitForSelector (/tmp/playwright-java-729341676929097768/package/lib/server/frames.js:619:23)
    at FrameDispatcher.waitForSelector (/tmp/playwright-java-729341676929097768/package/lib/server/dispatchers/frameDispatcher.js:100:103)
    at FrameDispatcher._handleCommand (/tmp/playwright-java-729341676929097768/package/lib/server/dispatchers/dispatcher.js:84:40)
    at DispatcherConnection.dispatch (/tmp/playwright-java-729341676929097768/package/lib/server/dispatchers/dispatcher.js:351:39)
}
Call log:
- waiting for locator("vaadin-app-layout, vaadin-side-nav, vaadin-drawer-layout") to be visible
[0;39m [36ma.t.derbent.ui.automation.CBaseUITest   [0;39m
[35m11:57:41.7[0;39m [33mWARN [0;39m ([36mCBaseUITest.java:992[0;39m) [31m‚ö†Ô∏è Navigation items not found within 10 seconds: Error {
  message='Timeout 10000ms exceeded.
  name='TimeoutError
  stack='TimeoutError: Timeout 10000ms exceeded.
    at ProgressController.run (/tmp/playwright-java-729341676929097768/package/lib/server/progress.js:87:26)
    at Frame.waitForSelector (/tmp/playwright-java-729341676929097768/package/lib/server/frames.js:619:23)
    at FrameDispatcher.waitForSelector (/tmp/playwright-java-729341676929097768/package/lib/server/dispatchers/frameDispatcher.js:100:103)
    at FrameDispatcher._handleCommand (/tmp/playwright-java-729341676929097768/package/lib/server/dispatchers/dispatcher.js:84:40)
    at DispatcherConnection.dispatch (/tmp/playwright-java-729341676929097768/package/lib/server/dispatchers/dispatcher.js:351:39)
}
Call log:
- waiting for locator(".hierarchical-menu-item, vaadin-side-nav-item, vaadin-tabs vaadin-tab, nav a[href], .nav-item a[href], a[href].menu-link, a[href].side-nav-link") to be visible
[0;39m [36ma.t.derbent.ui.automation.CBaseUITest   [0;39m
[35m11:57:47.4[0;39m [31mERROR[0;39m ([36mCMenuNavigationTest.java:62[0;39m) [31m‚ùå Menu navigation test failed: Error {
  message='Timeout 5000ms exceeded.
  name='TimeoutError
  stack='TimeoutError: Timeout 5000ms exceeded.
    at ProgressController.run (/tmp/playwright-java-729341676929097768/package/lib/server/progress.js:87:26)
    at Frame.waitForSelector (/tmp/playwright-java-729341676929097768/package/lib/server/frames.js:619:23)
    at FrameDispatcher.waitForSelector (/tmp/playwright-java-729341676929097768/package/lib/server/dispatchers/frameDispatcher.js:100:103)
    at FrameDispatcher._handleCommand (/tmp/playwright-java-729341676929097768/package/lib/server/dispatchers/dispatcher.js:84:40)
    at DispatcherConnection.dispatch (/tmp/playwright-java-729341676929097768/package/lib/server/dispatchers/dispatcher.js:351:39)
}
Call log:
- waiting for locator(".hierarchical-menu-item") to be visible
[0;39m [36ma.t.d.ui.automation.CMenuNavigationTest [0;39m
com.microsoft.playwright.TimeoutError: Error {
  message='Timeout 5000ms exceeded.
  name='TimeoutError
  stack='TimeoutError: Timeout 5000ms exceeded.
    at ProgressController.run (/tmp/playwright-java-729341676929097768/package/lib/server/progress.js:87:26)
    at Frame.waitForSelector (/tmp/playwright-java-729341676929097768/package/lib/server/frames.js:619:23)
    at FrameDispatcher.waitForSelector (/tmp/playwright-java-729341676929097768/package/lib/server/dispatchers/frameDispatcher.js:100:103)
    at FrameDispatcher._handleCommand (/tmp/playwright-java-729341676929097768/package/lib/server/dispatchers/dispatcher.js:84:40)
    at DispatcherConnection.dispatch (/tmp/playwright-java-729341676929097768/package/lib/server/dispatchers/dispatcher.js:351:39)
}
Call log:
- waiting for locator(".hierarchical-menu-item") to be visible

	at com.microsoft.playwright.impl.WaitableResult.get(WaitableResult.java:52) ~[playwright-1.40.0.jar:1.40.0]
	at com.microsoft.playwright.impl.ChannelOwner.runUntil(ChannelOwner.java:120) ~[playwright-1.40.0.jar:1.40.0]
	at com.microsoft.playwright.impl.Connection.sendMessage(Connection.java:129) ~[playwright-1.40.0.jar:1.40.0]
	at com.microsoft.playwright.impl.ChannelOwner.sendMessage(ChannelOwner.java:106) ~[playwright-1.40.0.jar:1.40.0]
	at com.microsoft.playwright.impl.FrameImpl.waitForSelectorImpl(FrameImpl.java:1060) ~[playwright-1.40.0.jar:1.40.0]
	at com.microsoft.playwright.impl.FrameImpl.waitForSelectorImpl(FrameImpl.java:1050) ~[playwright-1.40.0.jar:1.40.0]
	at com.microsoft.playwright.impl.PageImpl.lambda$waitForSelector$91(PageImpl.java:1449) ~[playwright-1.40.0.jar:1.40.0]
	at com.microsoft.playwright.impl.LoggingSupport.withLogging(LoggingSupport.java:47) ~[playwright-1.40.0.jar:1.40.0]
	at com.microsoft.playwright.impl.ChannelOwner.withLogging(ChannelOwner.java:89) ~[playwright-1.40.0.jar:1.40.0]
	at com.microsoft.playwright.impl.PageImpl.waitForSelector(PageImpl.java:1448) ~[playwright-1.40.0.jar:1.40.0]
	at automated_tests.tech.derbent.ui.automation.CMenuNavigationTest.testMenuNavigation(CMenuNavigationTest.java:54) ~[test-classes/:na]
	at java.base/jdk.internal.reflect.DirectMethodHandleAccessor.invoke(DirectMethodHandleAccessor.java:103) ~[na:na]
	at java.base/java.lang.reflect.Method.invoke(Method.java:580) ~[na:na]
	at org.junit.platform.commons.util.ReflectionUtils.invokeMethod(ReflectionUtils.java:775) ~[junit-platform-commons-1.12.2.jar:1.12.2]
	at org.junit.platform.commons.support.ReflectionSupport.invokeMethod(ReflectionSupport.java:479) ~[junit-platform-commons-1.12.2.jar:1.12.2]
	at org.junit.jupiter.engine.execution.MethodInvocation.proceed(MethodInvocation.java:60) ~[junit-jupiter-engine-5.12.2.jar:5.12.2]
	at org.junit.jupiter.engine.execution.InvocationInterceptorChain$ValidatingInvocation.proceed(InvocationInterceptorChain.java:131) ~[junit-jupiter-engine-5.12.2.jar:5.12.2]
	at org.junit.jupiter.engine.extension.TimeoutExtension.intercept(TimeoutExtension.java:161) ~[junit-jupiter-engine-5.12.2.jar:5.12.2]
	at org.junit.jupiter.engine.extension.TimeoutExtension.interceptTestableMethod(TimeoutExtension.java:152) ~[junit-jupiter-engine-5.12.2.jar:5.12.2]
	at org.junit.jupiter.engine.extension.TimeoutExtension.interceptTestMethod(TimeoutExtension.java:91) ~[junit-jupiter-engine-5.12.2.jar:5.12.2]
	at org.junit.jupiter.engine.execution.InterceptingExecutableInvoker$ReflectiveInterceptorCall.lambda$ofVoidMethod$0(InterceptingExecutableInvoker.java:112) ~[junit-jupiter-engine-5.12.2.jar:5.12.2]
	at org.junit.jupiter.engine.execution.InterceptingExecutableInvoker.lambda$invoke$0(InterceptingExecutableInvoker.java:94) ~[junit-jupiter-engine-5.12.2.jar:5.12.2]
	at org.junit.jupiter.engine.execution.InvocationInterceptorChain$InterceptedInvocation.proceed(InvocationInterceptorChain.java:106) ~[junit-jupiter-engine-5.12.2.jar:5.12.2]
	at org.junit.jupiter.engine.execution.InvocationInterceptorChain.proceed(InvocationInterceptorChain.java:64) ~[junit-jupiter-engine-5.12.2.jar:5.12.2]
	at org.junit.jupiter.engine.execution.InvocationInterceptorChain.chainAndInvoke(InvocationInterceptorChain.java:45) ~[junit-jupiter-engine-5.12.2.jar:5.12.2]
	at org.junit.jupiter.engine.execution.InvocationInterceptorChain.invoke(InvocationInterceptorChain.java:37) ~[junit-jupiter-engine-5.12.2.jar:5.12.2]
	at org.junit.jupiter.engine.execution.InterceptingExecutableInvoker.invoke(InterceptingExecutableInvoker.java:93) ~[junit-jupiter-engine-5.12.2.jar:5.12.2]
	at org.junit.jupiter.engine.execution.InterceptingExecutableInvoker.invoke(InterceptingExecutableInvoker.java:87) ~[junit-jupiter-engine-5.12.2.jar:5.12.2]
	at org.junit.jupiter.engine.descriptor.TestMethodTestDescriptor.lambda$invokeTestMethod$7(TestMethodTestDescriptor.java:216) ~[junit-jupiter-engine-5.12.2.jar:5.12.2]
	at org.junit.platform.engine.support.hierarchical.ThrowableCollector.execute(ThrowableCollector.java:73) ~[junit-platform-engine-1.12.2.jar:1.12.2]
	at org.junit.jupiter.engine.descriptor.TestMethodTestDescriptor.invokeTestMethod(TestMethodTestDescriptor.java:212) ~[junit-jupiter-engine-5.12.2.jar:5.12.2]
	at org.junit.jupiter.engine.descriptor.TestMethodTestDescriptor.execute(TestMethodTestDescriptor.java:137) ~[junit-jupiter-engine-5.12.2.jar:5.12.2]
	at org.junit.jupiter.engine.descriptor.TestMethodTestDescriptor.execute(TestMethodTestDescriptor.java:69) ~[junit-jupiter-engine-5.12.2.jar:5.12.2]
	at org.junit.platform.engine.support.hierarchical.NodeTestTask.lambda$executeRecursively$6(NodeTestTask.java:156) ~[junit-platform-engine-1.12.2.jar:1.12.2]
	at org.junit.platform.engine.support.hierarchical.ThrowableCollector.execute(ThrowableCollector.java:73) ~[junit-platform-engine-1.12.2.jar:1.12.2]
	at org.junit.platform.engine.support.hierarchical.NodeTestTask.lambda$executeRecursively$8(NodeTestTask.java:146) ~[junit-platform-engine-1.12.2.jar:1.12.2]
	at org.junit.platform.engine.support.hierarchical.Node.around(Node.java:137) ~[junit-platform-engine-1.12.2.jar:1.12.2]
	at org.junit.platform.engine.support.hierarchical.NodeTestTask.lambda$executeRecursively$9(NodeTestTask.java:144) ~[junit-platform-engine-1.12.2.jar:1.12.2]
	at org.junit.platform.engine.support.hierarchical.ThrowableCollector.execute(ThrowableCollector.java:73) ~[junit-platform-engine-1.12.2.jar:1.12.2]
	at org.junit.platform.engine.support.hierarchical.NodeTestTask.executeRecursively(NodeTestTask.java:143) ~[junit-platform-engine-1.12.2.jar:1.12.2]
	at org.junit.platform.engine.support.hierarchical.NodeTestTask.execute(NodeTestTask.java:100) ~[junit-platform-engine-1.12.2.jar:1.12.2]
	at java.base/java.util.ArrayList.forEach(ArrayList.java:1596) ~[na:na]
	at org.junit.platform.engine.support.hierarchical.SameThreadHierarchicalTestExecutorService.invokeAll(SameThreadHierarchicalTestExecutorService.java:41) ~[junit-platform-engine-1.12.2.jar:1.12.2]
	at org.junit.platform.engine.support.hierarchical.NodeTestTask.lambda$executeRecursively$6(NodeTestTask.java:160) ~[junit-platform-engine-1.12.2.jar:1.12.2]
	at org.junit.platform.engine.support.hierarchical.ThrowableCollector.execute(ThrowableCollector.java:73) ~[junit-platform-engine-1.12.2.jar:1.12.2]
	at org.junit.platform.engine.support.hierarchical.NodeTestTask.lambda$executeRecursively$8(NodeTestTask.java:146) ~[junit-platform-engine-1.12.2.jar:1.12.2]
	at org.junit.platform.engine.support.hierarchical.Node.around(Node.java:137) ~[junit-platform-engine-1.12.2.jar:1.12.2]
	at org.junit.platform.engine.support.hierarchical.NodeTestTask.lambda$executeRecursively$9(NodeTestTask.java:144) ~[junit-platform-engine-1.12.2.jar:1.12.2]
	at org.junit.platform.engine.support.hierarchical.ThrowableCollector.execute(ThrowableCollector.java:73) ~[junit-platform-engine-1.12.2.jar:1.12.2]
	at org.junit.platform.engine.support.hierarchical.NodeTestTask.executeRecursively(NodeTestTask.java:143) ~[junit-platform-engine-1.12.2.jar:1.12.2]
	at org.junit.platform.engine.support.hierarchical.NodeTestTask.execute(NodeTestTask.java:100) ~[junit-platform-engine-1.12.2.jar:1.12.2]
	at java.base/java.util.ArrayList.forEach(ArrayList.java:1596) ~[na:na]
	at org.junit.platform.engine.support.hierarchical.SameThreadHierarchicalTestExecutorService.invokeAll(SameThreadHierarchicalTestExecutorService.java:41) ~[junit-platform-engine-1.12.2.jar:1.12.2]
	at org.junit.platform.engine.support.hierarchical.NodeTestTask.lambda$executeRecursively$6(NodeTestTask.java:160) ~[junit-platform-engine-1.12.2.jar:1.12.2]
	at org.junit.platform.engine.support.hierarchical.ThrowableCollector.execute(ThrowableCollector.java:73) ~[junit-platform-engine-1.12.2.jar:1.12.2]
	at org.junit.platform.engine.support.hierarchical.NodeTestTask.lambda$executeRecursively$8(NodeTestTask.java:146) ~[junit-platform-engine-1.12.2.jar:1.12.2]
	at org.junit.platform.engine.support.hierarchical.Node.around(Node.java:137) ~[junit-platform-engine-1.12.2.jar:1.12.2]
	at org.junit.platform.engine.support.hierarchical.NodeTestTask.lambda$executeRecursively$9(NodeTestTask.java:144) ~[junit-platform-engine-1.12.2.jar:1.12.2]
	at org.junit.platform.engine.support.hierarchical.ThrowableCollector.execute(ThrowableCollector.java:73) ~[junit-platform-engine-1.12.2.jar:1.12.2]
	at org.junit.platform.engine.support.hierarchical.NodeTestTask.executeRecursively(NodeTestTask.java:143) ~[junit-platform-engine-1.12.2.jar:1.12.2]
	at org.junit.platform.engine.support.hierarchical.NodeTestTask.execute(NodeTestTask.java:100) ~[junit-platform-engine-1.12.2.jar:1.12.2]
	at org.junit.platform.engine.support.hierarchical.SameThreadHierarchicalTestExecutorService.submit(SameThreadHierarchicalTestExecutorService.java:35) ~[junit-platform-engine-1.12.2.jar:1.12.2]
	at org.junit.platform.engine.support.hierarchical.HierarchicalTestExecutor.execute(HierarchicalTestExecutor.java:57) ~[junit-platform-engine-1.12.2.jar:1.12.2]
	at org.junit.platform.engine.support.hierarchical.HierarchicalTestEngine.execute(HierarchicalTestEngine.java:54) ~[junit-platform-engine-1.12.2.jar:1.12.2]
	at org.junit.platform.launcher.core.EngineExecutionOrchestrator.execute(EngineExecutionOrchestrator.java:201) ~[junit-platform-launcher-1.12.2.jar:1.12.2]
	at org.junit.platform.launcher.core.EngineExecutionOrchestrator.execute(EngineExecutionOrchestrator.java:170) ~[junit-platform-launcher-1.12.2.jar:1.12.2]
	at org.junit.platform.launcher.core.EngineExecutionOrchestrator.execute(EngineExecutionOrchestrator.java:94) ~[junit-platform-launcher-1.12.2.jar:1.12.2]
	at org.junit.platform.launcher.core.EngineExecutionOrchestrator.lambda$execute$0(EngineExecutionOrchestrator.java:59) ~[junit-platform-launcher-1.12.2.jar:1.12.2]
	at org.junit.platform.launcher.core.EngineExecutionOrchestrator.withInterceptedStreams(EngineExecutionOrchestrator.java:142) ~[junit-platform-launcher-1.12.2.jar:1.12.2]
	at org.junit.platform.launcher.core.EngineExecutionOrchestrator.execute(EngineExecutionOrchestrator.java:58) ~[junit-platform-launcher-1.12.2.jar:1.12.2]
	at org.junit.platform.launcher.core.DefaultLauncher.execute(DefaultLauncher.java:103) ~[junit-platform-launcher-1.12.2.jar:1.12.2]
	at org.junit.platform.launcher.core.DefaultLauncher.execute(DefaultLauncher.java:85) ~[junit-platform-launcher-1.12.2.jar:1.12.2]
	at org.junit.platform.launcher.core.DelegatingLauncher.execute(DelegatingLauncher.java:47) ~[junit-platform-launcher-1.12.2.jar:1.12.2]
	at org.junit.platform.launcher.core.InterceptingLauncher.lambda$execute$1(InterceptingLauncher.java:39) ~[junit-platform-launcher-1.12.2.jar:1.12.2]
	at org.junit.platform.launcher.core.ClasspathAlignmentCheckingLauncherInterceptor.intercept(ClasspathAlignmentCheckingLauncherInterceptor.java:25) ~[junit-platform-launcher-1.12.2.jar:1.12.2]
	at org.junit.platform.launcher.core.InterceptingLauncher.execute(InterceptingLauncher.java:38) ~[junit-platform-launcher-1.12.2.jar:1.12.2]
	at org.junit.platform.launcher.core.DelegatingLauncher.execute(DelegatingLauncher.java:47) ~[junit-platform-launcher-1.12.2.jar:1.12.2]
	at org.apache.maven.surefire.junitplatform.LazyLauncher.execute(LazyLauncher.java:56) ~[surefire-junit-platform-3.5.3.jar:3.5.3]
	at org.apache.maven.surefire.junitplatform.JUnitPlatformProvider.execute(JUnitPlatformProvider.java:194) ~[surefire-junit-platform-3.5.3.jar:3.5.3]
	at org.apache.maven.surefire.junitplatform.JUnitPlatformProvider.invokeAllTests(JUnitPlatformProvider.java:150) ~[surefire-junit-platform-3.5.3.jar:3.5.3]
	at org.apache.maven.surefire.junitplatform.JUnitPlatformProvider.invoke(JUnitPlatformProvider.java:124) ~[surefire-junit-platform-3.5.3.jar:3.5.3]
	at org.apache.maven.surefire.booter.ForkedBooter.runSuitesInProcess(ForkedBooter.java:385) ~[surefire-booter-3.5.3.jar:3.5.3]
	at org.apache.maven.surefire.booter.ForkedBooter.execute(ForkedBooter.java:162) ~[surefire-booter-3.5.3.jar:3.5.3]
	at org.apache.maven.surefire.booter.ForkedBooter.run(ForkedBooter.java:507) ~[surefire-booter-3.5.3.jar:3.5.3]
	at org.apache.maven.surefire.booter.ForkedBooter.main(ForkedBooter.java:495) ~[surefire-booter-3.5.3.jar:3.5.3]
Caused by: com.microsoft.playwright.TimeoutError: Error {
  message='Timeout 5000ms exceeded.
  name='TimeoutError
  stack='TimeoutError: Timeout 5000ms exceeded.
    at ProgressController.run (/tmp/playwright-java-729341676929097768/package/lib/server/progress.js:87:26)
    at Frame.waitForSelector (/tmp/playwright-java-729341676929097768/package/lib/server/frames.js:619:23)
    at FrameDispatcher.waitForSelector (/tmp/playwright-java-729341676929097768/package/lib/server/dispatchers/frameDispatcher.js:100:103)
    at FrameDispatcher._handleCommand (/tmp/playwright-java-729341676929097768/package/lib/server/dispatchers/dispatcher.js:84:40)
    at DispatcherConnection.dispatch (/tmp/playwright-java-729341676929097768/package/lib/server/dispatchers/dispatcher.js:351:39)
}
Call log:
- waiting for locator(".hierarchical-menu-item") to be visible

	at com.microsoft.playwright.impl.Connection.dispatch(Connection.java:252) ~[playwright-1.40.0.jar:1.40.0]
	at com.microsoft.playwright.impl.Connection.processOneMessage(Connection.java:209) ~[playwright-1.40.0.jar:1.40.0]
	at com.microsoft.playwright.impl.ChannelOwner.runUntil(ChannelOwner.java:118) ~[playwright-1.40.0.jar:1.40.0]
	... 83 common frames omitted
[[1;31mERROR[m] [1;31mTests [0;1mrun: [0;1m1[m, [1;31mFailures: [0;1;31m1[m, Errors: 0, Skipped: 0, Time elapsed: 58.84 s[1;31m <<< FAILURE![m -- in automated_tests.tech.derbent.ui.automation.[1mCMenuNavigationTest[m
[[1;31mERROR[m] automated_tests.tech.derbent.ui.automation.CMenuNavigationTest.testMenuNavigation -- Time elapsed: 42.21 s <<< FAILURE!
java.lang.AssertionError: Menu navigation test failed
	at automated_tests.tech.derbent.ui.automation.CMenuNavigationTest.testMenuNavigation(CMenuNavigationTest.java:64)
	at java.base/java.lang.reflect.Method.invoke(Method.java:580)
	at java.base/java.util.ArrayList.forEach(ArrayList.java:1596)
	at java.base/java.util.ArrayList.forEach(ArrayList.java:1596)
Caused by: com.microsoft.playwright.TimeoutError: Error {
  message='Timeout 5000ms exceeded.
  name='TimeoutError
  stack='TimeoutError: Timeout 5000ms exceeded.
    at ProgressController.run (/tmp/playwright-java-729341676929097768/package/lib/server/progress.js:87:26)
    at Frame.waitForSelector (/tmp/playwright-java-729341676929097768/package/lib/server/frames.js:619:23)
    at FrameDispatcher.waitForSelector (/tmp/playwright-java-729341676929097768/package/lib/server/dispatchers/frameDispatcher.js:100:103)
    at FrameDispatcher._handleCommand (/tmp/playwright-java-729341676929097768/package/lib/server/dispatchers/dispatcher.js:84:40)
    at DispatcherConnection.dispatch (/tmp/playwright-java-729341676929097768/package/lib/server/dispatchers/dispatcher.js:351:39)
}
Call log:
- waiting for locator(".hierarchical-menu-item") to be visible

	at com.microsoft.playwright.impl.WaitableResult.get(WaitableResult.java:52)
	at com.microsoft.playwright.impl.ChannelOwner.runUntil(ChannelOwner.java:120)
	at com.microsoft.playwright.impl.Connection.sendMessage(Connection.java:129)
	at com.microsoft.playwright.impl.ChannelOwner.sendMessage(ChannelOwner.java:106)
	at com.microsoft.playwright.impl.FrameImpl.waitForSelectorImpl(FrameImpl.java:1060)
	at com.microsoft.playwright.impl.FrameImpl.waitForSelectorImpl(FrameImpl.java:1050)
	at com.microsoft.playwright.impl.PageImpl.lambda$waitForSelector$91(PageImpl.java:1449)
	at com.microsoft.playwright.impl.LoggingSupport.withLogging(LoggingSupport.java:47)
	at com.microsoft.playwright.impl.ChannelOwner.withLogging(ChannelOwner.java:89)
	at com.microsoft.playwright.impl.PageImpl.waitForSelector(PageImpl.java:1448)
	at automated_tests.tech.derbent.ui.automation.CMenuNavigationTest.testMenuNavigation(CMenuNavigationTest.java:54)
	... 3 more
Caused by: com.microsoft.playwright.TimeoutError: Error {
  message='Timeout 5000ms exceeded.
  name='TimeoutError
  stack='TimeoutError: Timeout 5000ms exceeded.
    at ProgressController.run (/tmp/playwright-java-729341676929097768/package/lib/server/progress.js:87:26)
    at Frame.waitForSelector (/tmp/playwright-java-729341676929097768/package/lib/server/frames.js:619:23)
    at FrameDispatcher.waitForSelector (/tmp/playwright-java-729341676929097768/package/lib/server/dispatchers/frameDispatcher.js:100:103)
    at FrameDispatcher._handleCommand (/tmp/playwright-java-729341676929097768/package/lib/server/dispatchers/dispatcher.js:84:40)
    at DispatcherConnection.dispatch (/tmp/playwright-java-729341676929097768/package/lib/server/dispatchers/dispatcher.js:351:39)
}
Call log:
- waiting for locator(".hierarchical-menu-item") to be visible

	at com.microsoft.playwright.impl.Connection.dispatch(Connection.java:252)
	at com.microsoft.playwright.impl.Connection.processOneMessage(Connection.java:209)
	at com.microsoft.playwright.impl.ChannelOwner.runUntil(ChannelOwner.java:118)
	... 12 more

[[1;34mINFO[m] 
[[1;34mINFO[m] Results:
[[1;34mINFO[m] 
[[1;31mERROR[m] [1;31mFailures: [m
[[1;31mERROR[m] [1;31m  CMenuNavigationTest.testMenuNavigation:64 Menu navigation test failed[m
[[1;34mINFO[m] 
[[1;31mERROR[m] [1;31mTests run: 1, Failures: 1, Errors: 0, Skipped: 0[m
[[1;34mINFO[m] 
[[1;34mINFO[m] [1m------------------------------------------------------------------------[m
[[1;34mINFO[m] [1;31mBUILD FAILURE[m
[[1;34mINFO[m] [1m------------------------------------------------------------------------[m
[[1;34mINFO[m] Total time:  01:01 min
[[1;34mINFO[m] Finished at: 2025-12-12T11:57:48+03:00
[[1;34mINFO[m] [1m------------------------------------------------------------------------[m
[[1;31mERROR[m] Failed to execute goal [32morg.apache.maven.plugins:maven-surefire-plugin:3.5.3:test[m [1m(default-test)[m on project [36mderbent[m: [1;31mThere are test failures.[m
[[1;31mERROR[m] [1;31m[m
[[1;31mERROR[m] [1;31mSee /home/yasin/git/derbent/target/surefire-reports for the individual test results.[m
[[1;31mERROR[m] [1;31mSee dump files (if any exist) [date].dump, [date]-jvmRun[N].dump and [date].dumpstream.[m
[[1;31mERROR[m] -> [1m[Help 1][m
[[1;31mERROR[m] 
[[1;31mERROR[m] To see the full stack trace of the errors, re-run Maven with the [1m-e[m switch.
[[1;31mERROR[m] Re-run Maven using the [1m-X[m switch to enable full debug logging.
[[1;31mERROR[m] 
[[1;31mERROR[m] For more information about the errors and possible solutions, please read the following articles:
[[1;31mERROR[m] [1m[Help 1][m http://cwiki.apache.org/confluence/display/MAVEN/MojoFailureException
‚ùå Test failed!
üì∏ Debug screenshots available in target/screenshots/ (3 files)
